<?xml version="1.0" encoding="UTF-8"?>
<!-- Generated by org.testng.reporters.JUnitXMLReporter -->
<testsuite ignored="4" hostname="Maddy" failures="3" tests="3" name="Test-1" time="113.502" errors="0" timestamp="2026-07-16T11:54:50 IST">
  <testcase classname="com.comcast.crm.orgtest.CreateOrgTest" name="OrganizationCreationTest" time="34.854">
    <failure type="java.lang.AssertionError" message="expected [Asian Paints1291] but found [[ ACC115 ] Asian Paints1291 - Organization Information]">
      <![CDATA[java.lang.AssertionError: expected [Asian Paints1291] but found [[ ACC115 ] Asian Paints1291 - Organization Information]
at com.comcast.crm.orgtest.CreateOrgTest.OrganizationCreationTest(CreateOrgTest.java:28)
at java.base/java.util.ArrayList.forEach(ArrayList.java:1604)
at java.base/java.util.concurrent.FutureTask.run(FutureTask.java:328)
at java.base/java.util.concurrent.ThreadPoolExecutor.runWorker(ThreadPoolExecutor.java:1090)
at java.base/java.util.concurrent.ThreadPoolExecutor$Worker.run(ThreadPoolExecutor.java:614)
at java.base/java.lang.Thread.run(Thread.java:1474)
... Removed 21 stack frames]]>
    </failure>
  </testcase> <!-- OrganizationCreationTest -->
  <testcase classname="com.comcast.crm.orgtest.DeleteOrgTest" name="DeleteOrganization" time="10.357">
    <failure type="java.lang.AssertionError" message="expected [Asian Paints_183] but found [[ ACC116 ] Asian Paints_183 - Organization Information]">
      <![CDATA[java.lang.AssertionError: expected [Asian Paints_183] but found [[ ACC116 ] Asian Paints_183 - Organization Information]
at com.comcast.crm.orgtest.DeleteOrgTest.DeleteOrganization(DeleteOrgTest.java:38)
at java.base/java.util.ArrayList.forEach(ArrayList.java:1604)
at java.base/java.util.concurrent.FutureTask.run(FutureTask.java:328)
at java.base/java.util.concurrent.ThreadPoolExecutor.runWorker(ThreadPoolExecutor.java:1090)
at java.base/java.util.concurrent.ThreadPoolExecutor$Worker.run(ThreadPoolExecutor.java:614)
at java.base/java.lang.Thread.run(Thread.java:1474)
... Removed 21 stack frames]]>
    </failure>
  </testcase> <!-- DeleteOrganization -->
  <testcase classname="com.comcast.crm.orgtest.CreateOrganizationWithIndustry" name="OrganizationCreationWithIndustryTest" time="16.355">
    <failure type="java.lang.AssertionError" message="expected [Wallamart1446] but found [[ ACC117 ] Wallamart1446 - Organization Information]">
      <![CDATA[java.lang.AssertionError: expected [Wallamart1446] but found [[ ACC117 ] Wallamart1446 - Organization Information]
at com.comcast.crm.orgtest.CreateOrganizationWithIndustry.OrganizationCreationWithIndustryTest(CreateOrganizationWithIndustry.java:32)
at java.base/java.util.ArrayList.forEach(ArrayList.java:1604)
at java.base/java.util.concurrent.FutureTask.run(FutureTask.java:328)
at java.base/java.util.concurrent.ThreadPoolExecutor.runWorker(ThreadPoolExecutor.java:1090)
at java.base/java.util.concurrent.ThreadPoolExecutor$Worker.run(ThreadPoolExecutor.java:614)
at java.base/java.lang.Thread.run(Thread.java:1474)
... Removed 21 stack frames]]>
    </failure>
  </testcase> <!-- OrganizationCreationWithIndustryTest -->
  <testcase classname="com.comcast.crm.basetest.BaseClass" name="@BeforeSuite zl" time="0.0">
    <ignored/>
  </testcase> <!-- @BeforeSuite zl -->
  <testcase classname="com.comcast.crm.basetest.BaseClass" name="@AfterSuite configAfterSuite" time="0.0">
    <ignored/>
  </testcase> <!-- @AfterSuite configAfterSuite -->
  <testcase classname="com.comcast.crm.basetest.BaseClass" name="@BeforeSuite zl" time="0.0">
    <ignored/>
  </testcase> <!-- @BeforeSuite zl -->
  <testcase classname="com.comcast.crm.basetest.BaseClass" name="@AfterSuite configAfterSuite" time="0.0">
    <ignored/>
  </testcase> <!-- @AfterSuite configAfterSuite -->
</testsuite> <!-- Test-1 -->
