<?xml version="1.0" encoding="UTF-8"?>
<!-- Generated by org.testng.reporters.JUnitXMLReporter -->
<testsuite ignored="4" hostname="Maddy" failures="1" tests="3" name="Test-2" time="113.146" errors="0" timestamp="2026-07-16T11:54:50 IST">
  <testcase classname="com.comcast.crm.contacttest.CreateContactWithLastName" name="ContactCreationWithLastNameTest" time="34.152"/>
  <testcase classname="com.comcast.crm.contacttest.CreateContactWithSupportDate" name="ContactCreationWithSupportDateTest" time="10.617"/>
  <testcase classname="com.comcast.crm.orgtest.CreateOrgTest" name="OrganizationCreationTest" time="17.355">
    <failure type="java.lang.AssertionError" message="expected [Asian Paints4298] but found [[ ACC118 ] Asian Paints4298 - Organization Information]">
      <![CDATA[java.lang.AssertionError: expected [Asian Paints4298] but found [[ ACC118 ] Asian Paints4298 - Organization Information]
at com.comcast.crm.orgtest.CreateOrgTest.OrganizationCreationTest(CreateOrgTest.java:28)
at java.base/java.util.ArrayList.forEach(ArrayList.java:1604)
at java.base/java.util.concurrent.FutureTask.run(FutureTask.java:328)
at java.base/java.util.concurrent.ThreadPoolExecutor.runWorker(ThreadPoolExecutor.java:1090)
at java.base/java.util.concurrent.ThreadPoolExecutor$Worker.run(ThreadPoolExecutor.java:614)
at java.base/java.lang.Thread.run(Thread.java:1474)
... Removed 21 stack frames]]>
    </failure>
  </testcase> <!-- OrganizationCreationTest -->
  <testcase classname="com.comcast.crm.basetest.BaseClass" name="@BeforeSuite zl" time="0.0">
    <ignored/>
  </testcase> <!-- @BeforeSuite zl -->
  <testcase classname="com.comcast.crm.basetest.BaseClass" name="@BeforeSuite zl" time="0.0">
    <ignored/>
  </testcase> <!-- @BeforeSuite zl -->
  <testcase classname="com.comcast.crm.basetest.BaseClass" name="@AfterSuite configAfterSuite" time="0.0">
    <ignored/>
  </testcase> <!-- @AfterSuite configAfterSuite -->
  <testcase classname="com.comcast.crm.basetest.BaseClass" name="@AfterSuite configAfterSuite" time="0.0">
    <ignored/>
  </testcase> <!-- @AfterSuite configAfterSuite -->
</testsuite> <!-- Test-2 -->
