<?xml version="1.0" encoding="UTF-8"?>
<!-- Generated by org.testng.reporters.JUnitXMLReporter -->
<testsuite ignored="4" hostname="Maddy" failures="0" tests="3" name="Test-1" time="50.587" errors="0" timestamp="2026-07-20T18:16:41 IST">
  <testcase classname="com.comcast.crm.orgtest.CreateOrgTest" name="OrganizationCreationTest" time="11.124"/>
  <testcase classname="com.comcast.crm.orgtest.DeleteOrgTest" name="DeleteOrganization" time="12.133"/>
  <testcase classname="com.comcast.crm.orgtest.CreateOrganizationWithIndustryTest" name="OrganizationCreationWithIndustryTest" time="6.392"/>
  <testcase classname="com.comcast.crm.basetest.BaseClass" name="@BeforeSuite configBeforeSuite" time="0.0">
    <ignored/>
  </testcase> <!-- @BeforeSuite configBeforeSuite -->
  <testcase classname="com.comcast.crm.basetest.BaseClass" name="@AfterSuite configAfterSuite" time="0.0">
    <ignored/>
  </testcase> <!-- @AfterSuite configAfterSuite -->
  <testcase classname="com.comcast.crm.basetest.BaseClass" name="@AfterSuite configAfterSuite" time="0.0">
    <ignored/>
  </testcase> <!-- @AfterSuite configAfterSuite -->
  <testcase classname="com.comcast.crm.basetest.BaseClass" name="@BeforeSuite configBeforeSuite" time="0.0">
    <ignored/>
  </testcase> <!-- @BeforeSuite configBeforeSuite -->
</testsuite> <!-- Test-1 -->
