<?xml version="1.0" encoding="UTF-8"?>
<!-- Generated by org.testng.reporters.JUnitXMLReporter -->
<testsuite ignored="0" hostname="Maddy" failures="1" tests="1" name="Test" time="12.559" errors="0" timestamp="2026-07-17T13:32:18 IST">
  <testcase classname="com.comcast.crm.orgtest.CreateOrgTest" name="OrganizationCreationTest" time="8.34">
    <failure type="java.lang.AssertionError" message="expected [false] but found [true]">
      <![CDATA[java.lang.AssertionError: expected [false] but found [true]
at com.comcast.crm.orgtest.CreateOrgTest.OrganizationCreationTest(CreateOrgTest.java:30)
at java.base/java.util.ArrayList.forEach(ArrayList.java:1604)
... Removed 29 stack frames]]>
    </failure>
  </testcase> <!-- OrganizationCreationTest -->
</testsuite> <!-- Test -->
