<?xml version="1.0" encoding="UTF-8"?>
<!-- Generated by org.testng.reporters.JUnitXMLReporter -->
<testsuite ignored="4" hostname="Maddy" failures="0" tests="3" name="Test-2" time="50.145" errors="0" timestamp="2026-07-20T18:17:32 IST">
  <testcase classname="com.comcast.crm.contacttest.CreateContactWithLastNameTest" name="ContactCreationWithLastNameTest" time="6.462"/>
  <testcase classname="com.comcast.crm.contacttest.CreateContactWithSupportDateTest" name="ContactCreationWithSupportDateTest" time="8.477"/>
  <testcase classname="com.comcast.crm.contacttest.CreateContactWithOrganizationTest" name="ContactCreationWithOrgTest" time="18.596"/>
  <testcase classname="com.comcast.crm.basetest.BaseClass" name="@BeforeSuite configBeforeSuite" time="0.0">
    <ignored/>
  </testcase> <!-- @BeforeSuite configBeforeSuite -->
  <testcase classname="com.comcast.crm.basetest.BaseClass" name="@BeforeSuite configBeforeSuite" time="0.0">
    <ignored/>
  </testcase> <!-- @BeforeSuite configBeforeSuite -->
  <testcase classname="com.comcast.crm.basetest.BaseClass" name="@AfterSuite configAfterSuite" time="0.0">
    <ignored/>
  </testcase> <!-- @AfterSuite configAfterSuite -->
  <testcase classname="com.comcast.crm.basetest.BaseClass" name="@AfterSuite configAfterSuite" time="0.0">
    <ignored/>
  </testcase> <!-- @AfterSuite configAfterSuite -->
</testsuite> <!-- Test-2 -->
