<?xml version="1.0" encoding="UTF-8"?>
<testng-results ignored="4" total="6" passed="2" failed="0" skipped="0">
  <reporter-output>
  </reporter-output>
  <suite started-at="2026-07-20T10:04:53 IST" name="Smoke_Test_Suite" finished-at="2026-07-20T10:06:08 IST" duration-ms="74765">
    <groups>
      <group name="SmokeTest">
        <method signature="ContactTest.ContactCreationWithLastNameTest()[pri:0, instance:com.comcast.crm.contacttest.ContactTest@4b14c583]" name="ContactCreationWithLastNameTest" class="com.comcast.crm.contacttest.ContactTest"/>
        <method signature="organizationE2ETest.OrganizationCreationTest()[pri:0, instance:com.comcast.crm.orgtest.organizationE2ETest@2ea227af]" name="OrganizationCreationTest" class="com.comcast.crm.orgtest.organizationE2ETest"/>
      </group> <!-- SmokeTest -->
    </groups>
    <test started-at="2026-07-20T10:04:53 IST" name="Test" finished-at="2026-07-20T10:06:08 IST" duration-ms="74765">
      <class name="com.comcast.crm.contacttest.ContactTest">
        <test-method is-config="true" signature="configBeforeSuite()[pri:0, instance:com.comcast.crm.contacttest.ContactTest@4b14c583]" started-at="2026-07-20T10:04:53 IST" name="configBeforeSuite" finished-at="2026-07-20T10:04:53 IST" duration-ms="13" status="PASS">
          <reporter-output>
          </reporter-output>
        </test-method> <!-- configBeforeSuite -->
        <test-method is-config="true" signature="configBeforeClass(java.lang.String)[pri:0, instance:com.comcast.crm.contacttest.ContactTest@4b14c583]" started-at="2026-07-20T10:04:53 IST" name="configBeforeClass" finished-at="2026-07-20T10:05:02 IST" duration-ms="8760" status="PASS">
          <params>
            <param index="0">
              <value>
                <![CDATA[chrome]]>
              </value>
            </param>
          </params>
          <reporter-output>
          </reporter-output>
        </test-method> <!-- configBeforeClass -->
        <test-method is-config="true" signature="configBeforeMethod()[pri:0, instance:com.comcast.crm.contacttest.ContactTest@4b14c583]" started-at="2026-07-20T10:05:02 IST" name="configBeforeMethod" finished-at="2026-07-20T10:05:19 IST" duration-ms="16559" status="PASS">
          <reporter-output>
          </reporter-output>
        </test-method> <!-- configBeforeMethod -->
        <test-method signature="ContactCreationWithLastNameTest()[pri:0, instance:com.comcast.crm.contacttest.ContactTest@4b14c583]" started-at="2026-07-20T10:05:19 IST" name="ContactCreationWithLastNameTest" finished-at="2026-07-20T10:05:50 IST" duration-ms="30995" status="PASS">
          <reporter-output>
          </reporter-output>
        </test-method> <!-- ContactCreationWithLastNameTest -->
        <test-method is-config="true" signature="configAfterMethod()[pri:0, instance:com.comcast.crm.contacttest.ContactTest@4b14c583]" started-at="2026-07-20T10:05:50 IST" name="configAfterMethod" finished-at="2026-07-20T10:05:52 IST" duration-ms="2292" status="PASS">
          <reporter-output>
          </reporter-output>
        </test-method> <!-- configAfterMethod -->
        <test-method is-config="true" signature="configAfterClass()[pri:0, instance:com.comcast.crm.contacttest.ContactTest@4b14c583]" started-at="2026-07-20T10:05:52 IST" name="configAfterClass" finished-at="2026-07-20T10:05:52 IST" duration-ms="349" status="PASS">
          <reporter-output>
          </reporter-output>
        </test-method> <!-- configAfterClass -->
        <test-method is-config="true" signature="configAfterSuite()[pri:0, instance:com.comcast.crm.contacttest.ContactTest@4b14c583]" started-at="2026-07-20T10:06:08 IST" name="configAfterSuite" finished-at="2026-07-20T10:06:08 IST" duration-ms="1" status="PASS">
          <reporter-output>
          </reporter-output>
        </test-method> <!-- configAfterSuite -->
      </class> <!-- com.comcast.crm.contacttest.ContactTest -->
      <class name="com.comcast.crm.orgtest.organizationE2ETest">
        <test-method is-config="true" signature="configBeforeClass(java.lang.String)[pri:0, instance:com.comcast.crm.orgtest.organizationE2ETest@2ea227af]" started-at="2026-07-20T10:05:52 IST" name="configBeforeClass" finished-at="2026-07-20T10:05:55 IST" duration-ms="2792" status="PASS">
          <params>
            <param index="0">
              <value>
                <![CDATA[chrome]]>
              </value>
            </param>
          </params>
          <reporter-output>
          </reporter-output>
        </test-method> <!-- configBeforeClass -->
        <test-method is-config="true" signature="configBeforeMethod()[pri:0, instance:com.comcast.crm.orgtest.organizationE2ETest@2ea227af]" started-at="2026-07-20T10:05:55 IST" name="configBeforeMethod" finished-at="2026-07-20T10:05:56 IST" duration-ms="1058" status="PASS">
          <reporter-output>
          </reporter-output>
        </test-method> <!-- configBeforeMethod -->
        <test-method signature="OrganizationCreationTest()[pri:0, instance:com.comcast.crm.orgtest.organizationE2ETest@2ea227af]" started-at="2026-07-20T10:05:56 IST" name="OrganizationCreationTest" finished-at="2026-07-20T10:06:06 IST" duration-ms="10293" status="PASS">
          <reporter-output>
          </reporter-output>
        </test-method> <!-- OrganizationCreationTest -->
        <test-method is-config="true" signature="configAfterMethod()[pri:0, instance:com.comcast.crm.orgtest.organizationE2ETest@2ea227af]" started-at="2026-07-20T10:06:06 IST" name="configAfterMethod" finished-at="2026-07-20T10:06:07 IST" duration-ms="1075" status="PASS">
          <reporter-output>
          </reporter-output>
        </test-method> <!-- configAfterMethod -->
        <test-method is-config="true" signature="configAfterClass()[pri:0, instance:com.comcast.crm.orgtest.organizationE2ETest@2ea227af]" started-at="2026-07-20T10:06:07 IST" name="configAfterClass" finished-at="2026-07-20T10:06:08 IST" duration-ms="236" status="PASS">
          <reporter-output>
          </reporter-output>
        </test-method> <!-- configAfterClass -->
      </class> <!-- com.comcast.crm.orgtest.organizationE2ETest -->
    </test> <!-- Test -->
  </suite> <!-- Smoke_Test_Suite -->
</testng-results>
