<?xml version="1.0" encoding="UTF-8"?>
<testng-results ignored="4" total="6" passed="2" failed="0" skipped="0">
  <reporter-output>
  </reporter-output>
  <suite started-at="2026-07-21T13:02:39 IST" name="Smoke_Test_Suite" finished-at="2026-07-21T13:03:12 IST" duration-ms="32705">
    <groups>
      <group name="SmokeTest">
        <method signature="ContactTest.ContactCreationWithLastNameTest()[pri:0, instance:com.comcast.crm.contacttest.ContactTest@223d2c72]" name="ContactCreationWithLastNameTest" class="com.comcast.crm.contacttest.ContactTest"/>
        <method signature="organizationE2ETest.OrganizationCreationTest()[pri:0, instance:com.comcast.crm.orgtest.organizationE2ETest@10e31a9a]" name="OrganizationCreationTest" class="com.comcast.crm.orgtest.organizationE2ETest"/>
      </group> <!-- SmokeTest -->
    </groups>
    <test started-at="2026-07-21T13:02:39 IST" name="Test" finished-at="2026-07-21T13:03:12 IST" duration-ms="32705">
      <class name="com.comcast.crm.contacttest.ContactTest">
        <test-method is-config="true" signature="configBeforeSuite()[pri:0, instance:com.comcast.crm.contacttest.ContactTest@223d2c72]" started-at="2026-07-21T13:02:39 IST" name="configBeforeSuite" finished-at="2026-07-21T13:02:39 IST" duration-ms="13" status="PASS">
          <reporter-output>
          </reporter-output>
        </test-method> <!-- configBeforeSuite -->
        <test-method is-config="true" signature="configBeforeClass(java.lang.String)[pri:0, instance:com.comcast.crm.contacttest.ContactTest@223d2c72]" started-at="2026-07-21T13:02:40 IST" name="configBeforeClass" finished-at="2026-07-21T13:02:46 IST" duration-ms="6258" status="PASS">
          <params>
            <param index="0">
              <value>
                <![CDATA[chrome]]>
              </value>
            </param>
          </params>
          <reporter-output>
          </reporter-output>
        </test-method> <!-- configBeforeClass -->
        <test-method is-config="true" signature="configBeforeMethod()[pri:0, instance:com.comcast.crm.contacttest.ContactTest@223d2c72]" started-at="2026-07-21T13:02:46 IST" name="configBeforeMethod" finished-at="2026-07-21T13:02:49 IST" duration-ms="3092" status="PASS">
          <reporter-output>
          </reporter-output>
        </test-method> <!-- configBeforeMethod -->
        <test-method signature="ContactCreationWithLastNameTest()[pri:0, instance:com.comcast.crm.contacttest.ContactTest@223d2c72]" started-at="2026-07-21T13:02:49 IST" name="ContactCreationWithLastNameTest" finished-at="2026-07-21T13:02:57 IST" duration-ms="8211" status="PASS">
          <reporter-output>
          </reporter-output>
        </test-method> <!-- ContactCreationWithLastNameTest -->
        <test-method is-config="true" signature="configAfterMethod()[pri:0, instance:com.comcast.crm.contacttest.ContactTest@223d2c72]" started-at="2026-07-21T13:02:57 IST" name="configAfterMethod" finished-at="2026-07-21T13:02:58 IST" duration-ms="1110" status="PASS">
          <reporter-output>
          </reporter-output>
        </test-method> <!-- configAfterMethod -->
        <test-method is-config="true" signature="configAfterClass()[pri:0, instance:com.comcast.crm.contacttest.ContactTest@223d2c72]" started-at="2026-07-21T13:02:58 IST" name="configAfterClass" finished-at="2026-07-21T13:02:59 IST" duration-ms="195" status="PASS">
          <reporter-output>
          </reporter-output>
        </test-method> <!-- configAfterClass -->
        <test-method is-config="true" signature="configAfterSuite()[pri:0, instance:com.comcast.crm.contacttest.ContactTest@223d2c72]" started-at="2026-07-21T13:03:13 IST" name="configAfterSuite" finished-at="2026-07-21T13:03:13 IST" duration-ms="0" status="PASS">
          <reporter-output>
          </reporter-output>
        </test-method> <!-- configAfterSuite -->
      </class> <!-- com.comcast.crm.contacttest.ContactTest -->
      <class name="com.comcast.crm.orgtest.organizationE2ETest">
        <test-method is-config="true" signature="configBeforeClass(java.lang.String)[pri:0, instance:com.comcast.crm.orgtest.organizationE2ETest@10e31a9a]" started-at="2026-07-21T13:02:59 IST" name="configBeforeClass" finished-at="2026-07-21T13:03:01 IST" duration-ms="2226" status="PASS">
          <params>
            <param index="0">
              <value>
                <![CDATA[chrome]]>
              </value>
            </param>
          </params>
          <reporter-output>
          </reporter-output>
        </test-method> <!-- configBeforeClass -->
        <test-method is-config="true" signature="configBeforeMethod()[pri:0, instance:com.comcast.crm.orgtest.organizationE2ETest@10e31a9a]" started-at="2026-07-21T13:03:01 IST" name="configBeforeMethod" finished-at="2026-07-21T13:03:02 IST" duration-ms="1027" status="PASS">
          <reporter-output>
          </reporter-output>
        </test-method> <!-- configBeforeMethod -->
        <test-method signature="OrganizationCreationTest()[pri:0, instance:com.comcast.crm.orgtest.organizationE2ETest@10e31a9a]" started-at="2026-07-21T13:03:02 IST" name="OrganizationCreationTest" finished-at="2026-07-21T13:03:11 IST" duration-ms="8989" status="PASS">
          <reporter-output>
          </reporter-output>
        </test-method> <!-- OrganizationCreationTest -->
        <test-method is-config="true" signature="configAfterMethod()[pri:0, instance:com.comcast.crm.orgtest.organizationE2ETest@10e31a9a]" started-at="2026-07-21T13:03:11 IST" name="configAfterMethod" finished-at="2026-07-21T13:03:12 IST" duration-ms="1082" status="PASS">
          <reporter-output>
          </reporter-output>
        </test-method> <!-- configAfterMethod -->
        <test-method is-config="true" signature="configAfterClass()[pri:0, instance:com.comcast.crm.orgtest.organizationE2ETest@10e31a9a]" started-at="2026-07-21T13:03:12 IST" name="configAfterClass" finished-at="2026-07-21T13:03:12 IST" duration-ms="145" status="PASS">
          <reporter-output>
          </reporter-output>
        </test-method> <!-- configAfterClass -->
      </class> <!-- com.comcast.crm.orgtest.organizationE2ETest -->
    </test> <!-- Test -->
  </suite> <!-- Smoke_Test_Suite -->
</testng-results>
