<?xml version="1.0" encoding="UTF-8"?>
<!-- Generated by org.testng.reporters.JUnitReportReporter -->
<testsuite hostname="Maddy" failures="0" tests="1" name="com.comcast.crm.contacttest.CreateContactWithSupportDate" time="16.978" errors="0" timestamp="2026-07-16T11:54:50 IST" skipped="0">
  <testcase classname="com.comcast.crm.contacttest.CreateContactWithSupportDate" name="ContactCreationWithSupportDateTest" time="16.978"/>
</testsuite> <!-- com.comcast.crm.contacttest.CreateContactWithSupportDate -->
