<?xml version="1.0" encoding="UTF-8"?>
<!-- Generated by org.testng.reporters.JUnitReportReporter -->
<testsuite hostname="Maddy" failures="0" tests="1" name="com.comcast.crm.contacttest.CreateContactWithSupportDateTest" time="10.584" errors="0" timestamp="2026-07-20T18:17:32 IST" skipped="0">
  <testcase classname="com.comcast.crm.contacttest.CreateContactWithSupportDateTest" name="ContactCreationWithSupportDateTest" time="10.584"/>
</testsuite> <!-- com.comcast.crm.contacttest.CreateContactWithSupportDateTest -->
