<?xml version="1.0" encoding="UTF-8"?>
<!-- Generated by org.testng.reporters.JUnitReportReporter -->
<testsuite hostname="Maddy" failures="0" tests="1" name="com.comcast.crm.contacttest.CreateContactWithOrganization" time="19.804" errors="0" timestamp="2026-07-15T15:50:57 IST" skipped="0">
  <testcase classname="com.comcast.crm.contacttest.CreateContactWithOrganization" name="ContactCreationWithOrgTest" time="19.804"/>
</testsuite> <!-- com.comcast.crm.contacttest.CreateContactWithOrganization -->
