<?xml version="1.0" encoding="UTF-8"?>
<!-- Generated by org.testng.reporters.JUnitReportReporter -->
<testsuite hostname="Maddy" failures="0" tests="1" name="com.comcast.crm.contacttest.CreateContactWithLastNameTest" time="10.175" errors="0" timestamp="2026-07-20T18:17:32 IST" skipped="0">
  <testcase classname="com.comcast.crm.contacttest.CreateContactWithLastNameTest" name="ContactCreationWithLastNameTest" time="10.175"/>
</testsuite> <!-- com.comcast.crm.contacttest.CreateContactWithLastNameTest -->
