<?xml version="1.0" encoding="UTF-8"?>
<!-- Generated by org.testng.reporters.JUnitXMLReporter -->
<testsuite ignored="6" hostname="Maddy" failures="0" tests="2" name="Test" time="74.765" errors="0" timestamp="2026-07-20T10:06:08 IST">
  <testcase classname="com.comcast.crm.contacttest.ContactTest" name="ContactCreationWithLastNameTest" time="30.995"/>
  <testcase classname="com.comcast.crm.orgtest.organizationE2ETest" name="OrganizationCreationTest" time="10.293"/>
  <testcase classname="com.comcast.crm.orgtest.organizationE2ETest" name="OrganizationCreationWithIndustryTest" time="0.0">
    <ignored/>
  </testcase> <!-- OrganizationCreationWithIndustryTest -->
  <testcase classname="com.comcast.crm.contacttest.ContactTest" name="ContactCreationWithOrgTest" time="0.0">
    <ignored/>
  </testcase> <!-- ContactCreationWithOrgTest -->
  <testcase classname="com.comcast.crm.orgtest.organizationE2ETest" name="DeleteOrganization" time="0.0">
    <ignored/>
  </testcase> <!-- DeleteOrganization -->
  <testcase classname="com.comcast.crm.basetest.BaseClass" name="@AfterSuite configAfterSuite" time="0.0">
    <ignored/>
  </testcase> <!-- @AfterSuite configAfterSuite -->
  <testcase classname="com.comcast.crm.contacttest.ContactTest" name="ContactCreationWithSupportDateTest" time="0.0">
    <ignored/>
  </testcase> <!-- ContactCreationWithSupportDateTest -->
  <testcase classname="com.comcast.crm.basetest.BaseClass" name="@BeforeSuite configBeforeSuite" time="0.0">
    <ignored/>
  </testcase> <!-- @BeforeSuite configBeforeSuite -->
</testsuite> <!-- Test -->
